2025-06-11 14:42:33,668 [Worker-2: Loading available Gradle versions] INFO  o.e.b.c.i.u.g.PublishedGradleVersions - Gradle version information cache is not available. Remote download required.
2025-06-11 14:48:29,497 [Worker-25: Launching mavenrun-cca5a8a0-4d60-431e-a9b2-60b3591c0497] INFO  o.eclipse.m2e.core.internal.Bundles - getClasspathEntries(Bundle=org.eclipse.m2e.maven.runtime_3.9.900.20250220-2013 [637])
2025-06-11 14:48:29,503 [Worker-25: Launching mavenrun-cca5a8a0-4d60-431e-a9b2-60b3591c0497] INFO  o.eclipse.m2e.core.internal.Bundles - 	Entry: C:\Users\harshk\.p2\pool\plugins\org.eclipse.m2e.maven.runtime_3.9.900.20250220-2013
2025-06-11 14:48:29,504 [Worker-25: Launching mavenrun-cca5a8a0-4d60-431e-a9b2-60b3591c0497] INFO  o.eclipse.m2e.core.internal.Bundles - 	Entry: C:\Users\harshk\.p2\pool\plugins\org.eclipse.m2e.maven.runtime_3.9.900.20250220-2013\jars\aopalliance-1.0.jar
2025-06-11 14:48:29,505 [Worker-25: Launching mavenrun-cca5a8a0-4d60-431e-a9b2-60b3591c0497] INFO  o.eclipse.m2e.core.internal.Bundles - 	Entry: C:\Users\harshk\.p2\pool\plugins\org.eclipse.m2e.maven.runtime_3.9.900.20250220-2013\jars\guice-5.1.0.jar
2025-06-11 14:48:29,505 [Worker-25: Launching mavenrun-cca5a8a0-4d60-431e-a9b2-60b3591c0497] INFO  o.eclipse.m2e.core.internal.Bundles - 	Entry: C:\Users\harshk\.p2\pool\plugins\org.eclipse.m2e.maven.runtime_3.9.900.20250220-2013\jars\httpclient-4.5.14.jar
2025-06-11 14:48:29,505 [Worker-25: Launching mavenrun-cca5a8a0-4d60-431e-a9b2-60b3591c0497] INFO  o.eclipse.m2e.core.internal.Bundles - 	Entry: C:\Users\harshk\.p2\pool\plugins\org.eclipse.m2e.maven.runtime_3.9.900.20250220-2013\jars\httpcore-4.4.16.jar
2025-06-11 14:48:29,506 [Worker-25: Launching mavenrun-cca5a8a0-4d60-431e-a9b2-60b3591c0497] INFO  o.eclipse.m2e.core.internal.Bundles - 	Entry: C:\Users\harshk\.p2\pool\plugins\org.eclipse.m2e.maven.runtime_3.9.900.20250220-2013\jars\jansi-2.4.1.jar
2025-06-11 14:48:29,506 [Worker-25: Launching mavenrun-cca5a8a0-4d60-431e-a9b2-60b3591c0497] INFO  o.eclipse.m2e.core.internal.Bundles - 	Entry: C:\Users\harshk\.p2\pool\plugins\org.eclipse.m2e.maven.runtime_3.9.900.20250220-2013\jars\jcl-over-slf4j-1.7.36.jar
2025-06-11 14:48:29,506 [Worker-25: Launching mavenrun-cca5a8a0-4d60-431e-a9b2-60b3591c0497] INFO  o.eclipse.m2e.core.internal.Bundles - 	Entry: C:\Users\harshk\.p2\pool\plugins\org.eclipse.m2e.maven.runtime_3.9.900.20250220-2013\jars\maven-artifact-3.9.9.jar
2025-06-11 14:48:29,507 [Worker-25: Launching mavenrun-cca5a8a0-4d60-431e-a9b2-60b3591c0497] INFO  o.eclipse.m2e.core.internal.Bundles - 	Entry: C:\Users\harshk\.p2\pool\plugins\org.eclipse.m2e.maven.runtime_3.9.900.20250220-2013\jars\maven-builder-support-3.9.9.jar
2025-06-11 14:48:29,507 [Worker-25: Launching mavenrun-cca5a8a0-4d60-431e-a9b2-60b3591c0497] INFO  o.eclipse.m2e.core.internal.Bundles - 	Entry: C:\Users\harshk\.p2\pool\plugins\org.eclipse.m2e.maven.runtime_3.9.900.20250220-2013\jars\maven-compat-3.9.9.jar
2025-06-11 14:48:29,507 [Worker-25: Launching mavenrun-cca5a8a0-4d60-431e-a9b2-60b3591c0497] INFO  o.eclipse.m2e.core.internal.Bundles - 	Entry: C:\Users\harshk\.p2\pool\plugins\org.eclipse.m2e.maven.runtime_3.9.900.20250220-2013\jars\maven-core-3.9.9.jar
2025-06-11 14:48:29,508 [Worker-25: Launching mavenrun-cca5a8a0-4d60-431e-a9b2-60b3591c0497] INFO  o.eclipse.m2e.core.internal.Bundles - 	Entry: C:\Users\harshk\.p2\pool\plugins\org.eclipse.m2e.maven.runtime_3.9.900.20250220-2013\jars\maven-embedder-3.9.9.jar
2025-06-11 14:48:29,508 [Worker-25: Launching mavenrun-cca5a8a0-4d60-431e-a9b2-60b3591c0497] INFO  o.eclipse.m2e.core.internal.Bundles - 	Entry: C:\Users\harshk\.p2\pool\plugins\org.eclipse.m2e.maven.runtime_3.9.900.20250220-2013\jars\maven-model-3.9.9.jar
2025-06-11 14:48:29,509 [Worker-25: Launching mavenrun-cca5a8a0-4d60-431e-a9b2-60b3591c0497] INFO  o.eclipse.m2e.core.internal.Bundles - 	Entry: C:\Users\harshk\.p2\pool\plugins\org.eclipse.m2e.maven.runtime_3.9.900.20250220-2013\jars\maven-model-builder-3.9.9.jar
2025-06-11 14:48:29,509 [Worker-25: Launching mavenrun-cca5a8a0-4d60-431e-a9b2-60b3591c0497] INFO  o.eclipse.m2e.core.internal.Bundles - 	Entry: C:\Users\harshk\.p2\pool\plugins\org.eclipse.m2e.maven.runtime_3.9.900.20250220-2013\jars\maven-plugin-api-3.9.9.jar
2025-06-11 14:48:29,509 [Worker-25: Launching mavenrun-cca5a8a0-4d60-431e-a9b2-60b3591c0497] INFO  o.eclipse.m2e.core.internal.Bundles - 	Entry: C:\Users\harshk\.p2\pool\plugins\org.eclipse.m2e.maven.runtime_3.9.900.20250220-2013\jars\maven-repository-metadata-3.9.9.jar
2025-06-11 14:48:29,510 [Worker-25: Launching mavenrun-cca5a8a0-4d60-431e-a9b2-60b3591c0497] INFO  o.eclipse.m2e.core.internal.Bundles - 	Entry: C:\Users\harshk\.p2\pool\plugins\org.eclipse.m2e.maven.runtime_3.9.900.20250220-2013\jars\maven-resolver-api-1.9.22.jar
2025-06-11 14:48:29,510 [Worker-25: Launching mavenrun-cca5a8a0-4d60-431e-a9b2-60b3591c0497] INFO  o.eclipse.m2e.core.internal.Bundles - 	Entry: C:\Users\harshk\.p2\pool\plugins\org.eclipse.m2e.maven.runtime_3.9.900.20250220-2013\jars\maven-resolver-connector-basic-1.9.22.jar
2025-06-11 14:48:29,510 [Worker-25: Launching mavenrun-cca5a8a0-4d60-431e-a9b2-60b3591c0497] INFO  o.eclipse.m2e.core.internal.Bundles - 	Entry: C:\Users\harshk\.p2\pool\plugins\org.eclipse.m2e.maven.runtime_3.9.900.20250220-2013\jars\maven-resolver-impl-1.9.22.jar
2025-06-11 14:48:29,511 [Worker-25: Launching mavenrun-cca5a8a0-4d60-431e-a9b2-60b3591c0497] INFO  o.eclipse.m2e.core.internal.Bundles - 	Entry: C:\Users\harshk\.p2\pool\plugins\org.eclipse.m2e.maven.runtime_3.9.900.20250220-2013\jars\maven-resolver-named-locks-1.9.22.jar
2025-06-11 14:48:29,511 [Worker-25: Launching mavenrun-cca5a8a0-4d60-431e-a9b2-60b3591c0497] INFO  o.eclipse.m2e.core.internal.Bundles - 	Entry: C:\Users\harshk\.p2\pool\plugins\org.eclipse.m2e.maven.runtime_3.9.900.20250220-2013\jars\maven-resolver-provider-3.9.9.jar
2025-06-11 14:48:29,511 [Worker-25: Launching mavenrun-cca5a8a0-4d60-431e-a9b2-60b3591c0497] INFO  o.eclipse.m2e.core.internal.Bundles - 	Entry: C:\Users\harshk\.p2\pool\plugins\org.eclipse.m2e.maven.runtime_3.9.900.20250220-2013\jars\maven-resolver-spi-1.9.22.jar
2025-06-11 14:48:29,512 [Worker-25: Launching mavenrun-cca5a8a0-4d60-431e-a9b2-60b3591c0497] INFO  o.eclipse.m2e.core.internal.Bundles - 	Entry: C:\Users\harshk\.p2\pool\plugins\org.eclipse.m2e.maven.runtime_3.9.900.20250220-2013\jars\maven-resolver-transport-file-1.9.22.jar
2025-06-11 14:48:29,512 [Worker-25: Launching mavenrun-cca5a8a0-4d60-431e-a9b2-60b3591c0497] INFO  o.eclipse.m2e.core.internal.Bundles - 	Entry: C:\Users\harshk\.p2\pool\plugins\org.eclipse.m2e.maven.runtime_3.9.900.20250220-2013\jars\maven-resolver-transport-http-1.9.22.jar
2025-06-11 14:48:29,512 [Worker-25: Launching mavenrun-cca5a8a0-4d60-431e-a9b2-60b3591c0497] INFO  o.eclipse.m2e.core.internal.Bundles - 	Entry: C:\Users\harshk\.p2\pool\plugins\org.eclipse.m2e.maven.runtime_3.9.900.20250220-2013\jars\maven-resolver-transport-wagon-1.9.22.jar
2025-06-11 14:48:29,513 [Worker-25: Launching mavenrun-cca5a8a0-4d60-431e-a9b2-60b3591c0497] INFO  o.eclipse.m2e.core.internal.Bundles - 	Entry: C:\Users\harshk\.p2\pool\plugins\org.eclipse.m2e.maven.runtime_3.9.900.20250220-2013\jars\maven-resolver-util-1.9.22.jar
2025-06-11 14:48:29,513 [Worker-25: Launching mavenrun-cca5a8a0-4d60-431e-a9b2-60b3591c0497] INFO  o.eclipse.m2e.core.internal.Bundles - 	Entry: C:\Users\harshk\.p2\pool\plugins\org.eclipse.m2e.maven.runtime_3.9.900.20250220-2013\jars\maven-settings-3.9.9.jar
2025-06-11 14:48:29,513 [Worker-25: Launching mavenrun-cca5a8a0-4d60-431e-a9b2-60b3591c0497] INFO  o.eclipse.m2e.core.internal.Bundles - 	Entry: C:\Users\harshk\.p2\pool\plugins\org.eclipse.m2e.maven.runtime_3.9.900.20250220-2013\jars\maven-settings-builder-3.9.9.jar
2025-06-11 14:48:29,514 [Worker-25: Launching mavenrun-cca5a8a0-4d60-431e-a9b2-60b3591c0497] INFO  o.eclipse.m2e.core.internal.Bundles - 	Entry: C:\Users\harshk\.p2\pool\plugins\org.eclipse.m2e.maven.runtime_3.9.900.20250220-2013\jars\maven-shared-utils-3.4.2.jar
2025-06-11 14:48:29,514 [Worker-25: Launching mavenrun-cca5a8a0-4d60-431e-a9b2-60b3591c0497] INFO  o.eclipse.m2e.core.internal.Bundles - 	Entry: C:\Users\harshk\.p2\pool\plugins\org.eclipse.m2e.maven.runtime_3.9.900.20250220-2013\jars\org.eclipse.sisu.inject-0.9.0.M3.jar
2025-06-11 14:48:29,514 [Worker-25: Launching mavenrun-cca5a8a0-4d60-431e-a9b2-60b3591c0497] INFO  o.eclipse.m2e.core.internal.Bundles - 	Entry: C:\Users\harshk\.p2\pool\plugins\org.eclipse.m2e.maven.runtime_3.9.900.20250220-2013\jars\org.eclipse.sisu.plexus-0.9.0.M3.jar
2025-06-11 14:48:29,514 [Worker-25: Launching mavenrun-cca5a8a0-4d60-431e-a9b2-60b3591c0497] INFO  o.eclipse.m2e.core.internal.Bundles - 	Entry: C:\Users\harshk\.p2\pool\plugins\org.eclipse.m2e.maven.runtime_3.9.900.20250220-2013\jars\plexus-build-api-0.0.7.jar
2025-06-11 14:48:29,514 [Worker-25: Launching mavenrun-cca5a8a0-4d60-431e-a9b2-60b3591c0497] INFO  o.eclipse.m2e.core.internal.Bundles - 	Entry: C:\Users\harshk\.p2\pool\plugins\org.eclipse.m2e.maven.runtime_3.9.900.20250220-2013\jars\plexus-build-api-1.2.0.jar
2025-06-11 14:48:29,516 [Worker-25: Launching mavenrun-cca5a8a0-4d60-431e-a9b2-60b3591c0497] INFO  o.eclipse.m2e.core.internal.Bundles - 	Entry: C:\Users\harshk\.p2\pool\plugins\org.eclipse.m2e.maven.runtime_3.9.900.20250220-2013\jars\plexus-cipher-2.0.jar
2025-06-11 14:48:29,516 [Worker-25: Launching mavenrun-cca5a8a0-4d60-431e-a9b2-60b3591c0497] INFO  o.eclipse.m2e.core.internal.Bundles - 	Entry: C:\Users\harshk\.p2\pool\plugins\org.eclipse.m2e.maven.runtime_3.9.900.20250220-2013\jars\plexus-classworlds-2.8.0.jar
2025-06-11 14:48:29,516 [Worker-25: Launching mavenrun-cca5a8a0-4d60-431e-a9b2-60b3591c0497] INFO  o.eclipse.m2e.core.internal.Bundles - 	Entry: C:\Users\harshk\.p2\pool\plugins\org.eclipse.m2e.maven.runtime_3.9.900.20250220-2013\jars\plexus-component-annotations-2.1.0.jar
2025-06-11 14:48:29,517 [Worker-25: Launching mavenrun-cca5a8a0-4d60-431e-a9b2-60b3591c0497] INFO  o.eclipse.m2e.core.internal.Bundles - 	Entry: C:\Users\harshk\.p2\pool\plugins\org.eclipse.m2e.maven.runtime_3.9.900.20250220-2013\jars\plexus-interpolation-1.27.jar
2025-06-11 14:48:29,517 [Worker-25: Launching mavenrun-cca5a8a0-4d60-431e-a9b2-60b3591c0497] INFO  o.eclipse.m2e.core.internal.Bundles - 	Entry: C:\Users\harshk\.p2\pool\plugins\org.eclipse.m2e.maven.runtime_3.9.900.20250220-2013\jars\plexus-sec-dispatcher-2.0.jar
2025-06-11 14:48:29,517 [Worker-25: Launching mavenrun-cca5a8a0-4d60-431e-a9b2-60b3591c0497] INFO  o.eclipse.m2e.core.internal.Bundles - 	Entry: C:\Users\harshk\.p2\pool\plugins\org.eclipse.m2e.maven.runtime_3.9.900.20250220-2013\jars\plexus-utils-3.5.1.jar
2025-06-11 14:48:29,517 [Worker-25: Launching mavenrun-cca5a8a0-4d60-431e-a9b2-60b3591c0497] INFO  o.eclipse.m2e.core.internal.Bundles - 	Entry: C:\Users\harshk\.p2\pool\plugins\org.eclipse.m2e.maven.runtime_3.9.900.20250220-2013\jars\plexus-xml-3.0.1.jar
2025-06-11 14:48:29,518 [Worker-25: Launching mavenrun-cca5a8a0-4d60-431e-a9b2-60b3591c0497] INFO  o.eclipse.m2e.core.internal.Bundles - 	Entry: C:\Users\harshk\.p2\pool\plugins\org.eclipse.m2e.maven.runtime_3.9.900.20250220-2013\jars\wagon-file-3.5.3.jar
2025-06-11 14:48:29,518 [Worker-25: Launching mavenrun-cca5a8a0-4d60-431e-a9b2-60b3591c0497] INFO  o.eclipse.m2e.core.internal.Bundles - 	Entry: C:\Users\harshk\.p2\pool\plugins\org.eclipse.m2e.maven.runtime_3.9.900.20250220-2013\jars\wagon-http-3.5.3.jar
2025-06-11 14:48:29,518 [Worker-25: Launching mavenrun-cca5a8a0-4d60-431e-a9b2-60b3591c0497] INFO  o.eclipse.m2e.core.internal.Bundles - 	Entry: C:\Users\harshk\.p2\pool\plugins\org.eclipse.m2e.maven.runtime_3.9.900.20250220-2013\jars\wagon-http-shared-3.5.3.jar
2025-06-11 14:48:29,518 [Worker-25: Launching mavenrun-cca5a8a0-4d60-431e-a9b2-60b3591c0497] INFO  o.eclipse.m2e.core.internal.Bundles - 	Entry: C:\Users\harshk\.p2\pool\plugins\org.eclipse.m2e.maven.runtime_3.9.900.20250220-2013\jars\wagon-provider-api-3.5.3.jar
2025-06-11 14:48:29,521 [Worker-25: Launching mavenrun-cca5a8a0-4d60-431e-a9b2-60b3591c0497] INFO  o.eclipse.m2e.core.internal.Bundles - getClasspathEntries(Bundle=com.google.guava_33.4.0.jre [16])
2025-06-11 14:48:29,521 [Worker-25: Launching mavenrun-cca5a8a0-4d60-431e-a9b2-60b3591c0497] INFO  o.eclipse.m2e.core.internal.Bundles - 	Entry: C:\Users\harshk\.p2\pool\plugins\com.google.guava_33.4.0.jre.jar
2025-06-11 14:48:29,521 [Worker-25: Launching mavenrun-cca5a8a0-4d60-431e-a9b2-60b3591c0497] INFO  o.eclipse.m2e.core.internal.Bundles - getClasspathEntries(Bundle=slf4j.api_2.0.17 [1004])
2025-06-11 14:48:29,522 [Worker-25: Launching mavenrun-cca5a8a0-4d60-431e-a9b2-60b3591c0497] INFO  o.eclipse.m2e.core.internal.Bundles - 	Entry: C:\Users\harshk\.p2\pool\plugins\slf4j.api_2.0.17.jar
2025-06-11 14:48:29,522 [Worker-25: Launching mavenrun-cca5a8a0-4d60-431e-a9b2-60b3591c0497] INFO  o.eclipse.m2e.core.internal.Bundles - getClasspathEntries(Bundle=javax.inject_1.0.0.v20220405-0441 [1013])
2025-06-11 14:48:29,523 [Worker-25: Launching mavenrun-cca5a8a0-4d60-431e-a9b2-60b3591c0497] INFO  o.eclipse.m2e.core.internal.Bundles - 	Entry: C:\Users\harshk\.p2\pool\plugins\javax.inject_1.0.0.v20220405-0441.jar
2025-06-11 14:48:29,523 [Worker-25: Launching mavenrun-cca5a8a0-4d60-431e-a9b2-60b3591c0497] INFO  o.eclipse.m2e.core.internal.Bundles - getClasspathEntries(Bundle=javax.annotation_1.3.5.v20230504-0748 [1012])
2025-06-11 14:48:29,523 [Worker-25: Launching mavenrun-cca5a8a0-4d60-431e-a9b2-60b3591c0497] INFO  o.eclipse.m2e.core.internal.Bundles - 	Entry: C:\Users\harshk\.p2\pool\plugins\javax.annotation_1.3.5.v20230504-0748.jar
2025-06-11 14:48:29,524 [Worker-25: Launching mavenrun-cca5a8a0-4d60-431e-a9b2-60b3591c0497] INFO  o.eclipse.m2e.core.internal.Bundles - getClasspathEntries(Bundle=org.apache.commons.cli_1.9.0 [74])
2025-06-11 14:48:29,524 [Worker-25: Launching mavenrun-cca5a8a0-4d60-431e-a9b2-60b3591c0497] INFO  o.eclipse.m2e.core.internal.Bundles - 	Entry: C:\Users\harshk\.p2\pool\plugins\org.apache.commons.cli_1.9.0.jar
2025-06-11 14:48:29,524 [Worker-25: Launching mavenrun-cca5a8a0-4d60-431e-a9b2-60b3591c0497] INFO  o.eclipse.m2e.core.internal.Bundles - getClasspathEntries(Bundle=org.apache.commons.commons-codec_1.16.0 [76])
2025-06-11 14:48:29,524 [Worker-25: Launching mavenrun-cca5a8a0-4d60-431e-a9b2-60b3591c0497] INFO  o.eclipse.m2e.core.internal.Bundles - 	Entry: C:\Users\harshk\.p2\pool\plugins\org.apache.commons.commons-codec_1.16.0.jar
2025-06-11 14:48:29,524 [Worker-25: Launching mavenrun-cca5a8a0-4d60-431e-a9b2-60b3591c0497] INFO  o.eclipse.m2e.core.internal.Bundles - getClasspathEntries(Bundle=com.google.guava.failureaccess_1.0.2 [17])
2025-06-11 14:48:29,525 [Worker-25: Launching mavenrun-cca5a8a0-4d60-431e-a9b2-60b3591c0497] INFO  o.eclipse.m2e.core.internal.Bundles - 	Entry: C:\Users\harshk\.p2\pool\plugins\com.google.guava.failureaccess_1.0.2.jar
2025-06-11 14:48:29,528 [Worker-25: Launching mavenrun-cca5a8a0-4d60-431e-a9b2-60b3591c0497] INFO  o.e.m.i.launch.MavenLaunchDelegate - Run build in "C:\Users\harshk\AppData\Local\Temp\m2e-archetypeGenerator3804406720517470519":
2025-06-11 14:48:29,533 [Worker-25: Launching mavenrun-cca5a8a0-4d60-431e-a9b2-60b3591c0497] INFO  o.e.m.i.launch.MavenLaunchDelegate -  mvn  -DarchetypeGroupId=org.glassfish.jersey.archetypes -DarchetypeArtifactId=jersey-quickstart-webapp -DarchetypeVersion=4.0.0-M2 -DgroupId=infinite -DartifactId=HealthSureClient -Dversion=0.0.1-SNAPSHOT -Dpackage=com.java.jsf -DoutputDirectory=C:\JavaTraining\HealthSure -Dstyle.color=always -U archetype:generate
2025-06-11 14:48:46,420 [Worker-16: Creating jersey-quickstart-webapp] INFO  o.e.m.c.i.p.ProjectConfigurationManager - Collecting project info '/pom.xml' C:\JavaTraining\HealthSure\HealthSureClient\pom.xml
2025-06-11 14:48:49,311 [Worker-16: Creating jersey-quickstart-webapp] INFO  o.e.m.c.i.l.LifecycleMappingFactory - Using org.maven.ide.eclipse.wtp.WarLifecycleMapping lifecycle mapping for MavenProject: infinite:HealthSureClient:0.0.1-SNAPSHOT @ C:\JavaTraining\HealthSure\HealthSureClient\pom.xml.
2025-06-11 14:48:54,441 [Worker-16: Creating jersey-quickstart-webapp] INFO  o.e.m.j.i.AbstractJavaProjectConfigurator - Adding source folder /HealthSureClient/src/main/java
2025-06-11 14:48:54,444 [Worker-16: Creating jersey-quickstart-webapp] INFO  o.e.m.j.i.AbstractJavaProjectConfigurator - Adding resource folder /HealthSureClient/src/main/resources
2025-06-11 14:48:54,459 [Worker-16: Creating jersey-quickstart-webapp] INFO  o.e.m.j.i.AbstractJavaProjectConfigurator - Adding source folder /HealthSureClient/src/test/java
2025-06-11 14:48:54,460 [Worker-16: Creating jersey-quickstart-webapp] INFO  o.e.m.j.i.AbstractJavaProjectConfigurator - Adding resource folder /HealthSureClient/src/test/resources
2025-06-11 14:48:58,226 [Worker-16: Creating jersey-quickstart-webapp] INFO  o.e.m.c.i.p.ProjectConfigurationManager - Imported and configured 1 project(s) in 11 sec
2025-06-11 14:48:58,754 [Worker-16: Building] INFO  o.a.m.s.f.DefaultMavenResourcesFiltering - skip non existing resourceDirectory C:\JavaTraining\HealthSure\HealthSureClient\src\main\resources
2025-06-11 14:48:58,759 [Worker-16: Building] INFO  o.a.m.s.f.DefaultMavenResourcesFiltering - skip non existing resourceDirectory C:\JavaTraining\HealthSure\HealthSureClient\src\test\resources
2025-06-11 14:49:22,347 [Worker-23: Building] INFO  o.a.m.s.f.DefaultMavenResourcesFiltering - skip non existing resourceDirectory C:\JavaTraining\HealthSure\HealthSureClient\src\main\resources
2025-06-11 14:49:22,350 [Worker-23: Building] INFO  o.a.m.s.f.DefaultMavenResourcesFiltering - skip non existing resourceDirectory C:\JavaTraining\HealthSure\HealthSureClient\src\test\resources
2025-06-11 14:49:49,571 [Worker-25: Building] INFO  o.a.m.s.f.DefaultMavenResourcesFiltering - skip non existing resourceDirectory C:\JavaTraining\HealthSure\HealthSureClient\src\main\resources
2025-06-11 14:49:49,575 [Worker-25: Building] INFO  o.a.m.s.f.DefaultMavenResourcesFiltering - skip non existing resourceDirectory C:\JavaTraining\HealthSure\HealthSureClient\src\test\resources
2025-06-11 14:49:51,945 [Worker-23: Building] INFO  o.a.m.s.f.DefaultMavenResourcesFiltering - skip non existing resourceDirectory C:\JavaTraining\HealthSure\HealthSureClient\src\main\resources
2025-06-11 14:49:51,948 [Worker-23: Building] INFO  o.a.m.s.f.DefaultMavenResourcesFiltering - skip non existing resourceDirectory C:\JavaTraining\HealthSure\HealthSureClient\src\test\resources
2025-06-11 14:51:48,368 [Worker-10: Building] INFO  o.e.m.c.i.l.LifecycleMappingFactory - Using org.maven.ide.eclipse.wtp.WarLifecycleMapping lifecycle mapping for MavenProject: infinite:HealthSureClient:0.0.1-SNAPSHOT @ C:\JavaTraining\HealthSure\HealthSureClient\pom.xml.
2025-06-11 14:52:07,931 [Worker-10: Building] INFO  o.a.m.s.f.DefaultMavenResourcesFiltering - skip non existing resourceDirectory C:\JavaTraining\HealthSure\HealthSureClient\src\main\resources
2025-06-11 14:52:07,934 [Worker-10: Building] INFO  o.a.m.s.f.DefaultMavenResourcesFiltering - skip non existing resourceDirectory C:\JavaTraining\HealthSure\HealthSureClient\src\test\resources
2025-06-11 14:52:07,935 [Worker-10: Building] INFO  o.e.m.w.i.f.ResourceFilteringBuildParticipant - Changed resources require a complete clean of filtered resources of HealthSureClient
2025-06-11 14:52:07,937 [Worker-10: Building] INFO  o.e.m.w.i.f.ResourceFilteringBuildParticipant - Executing resource filtering for HealthSureClient
2025-06-11 15:03:55,917 [Worker-30: Building] INFO  o.a.m.s.f.DefaultMavenResourcesFiltering - skip non existing resourceDirectory C:\JavaTraining\HealthSure\HealthSureClient\src\main\resources
2025-06-11 15:03:55,919 [Worker-30: Building] INFO  o.a.m.s.f.DefaultMavenResourcesFiltering - skip non existing resourceDirectory C:\JavaTraining\HealthSure\HealthSureClient\src\test\resources
2025-06-11 15:12:48,732 [Worker-32: Building] INFO  o.a.m.s.f.DefaultMavenResourcesFiltering - skip non existing resourceDirectory C:\JavaTraining\HealthSure\HealthSureClient\src\main\resources
2025-06-11 15:12:48,736 [Worker-32: Building] INFO  o.a.m.s.f.DefaultMavenResourcesFiltering - skip non existing resourceDirectory C:\JavaTraining\HealthSure\HealthSureClient\src\test\resources
2025-06-11 15:13:07,707 [Worker-36: Building] INFO  o.a.m.s.f.DefaultMavenResourcesFiltering - skip non existing resourceDirectory C:\JavaTraining\HealthSure\HealthSureClient\src\main\resources
2025-06-11 15:13:07,710 [Worker-36: Building] INFO  o.a.m.s.f.DefaultMavenResourcesFiltering - skip non existing resourceDirectory C:\JavaTraining\HealthSure\HealthSureClient\src\test\resources
2025-06-11 15:14:40,663 [Worker-32: Building] INFO  o.e.m.c.i.l.LifecycleMappingFactory - Using org.maven.ide.eclipse.wtp.WarLifecycleMapping lifecycle mapping for MavenProject: infinite:HealthSureClient:0.0.1-SNAPSHOT @ C:\JavaTraining\HealthSure\HealthSureClient\pom.xml.
2025-06-11 15:14:42,230 [Worker-32: Building] WARN  o.a.m.r.i.DefaultArtifactDescriptorReader - 1 problem was encountered while building the effective model for org.javassist:javassist:jar:3.18.1-GA during dependency collection step for project (use -X to see details)
2025-06-11 15:14:44,742 [Worker-32: Building] INFO  o.a.m.s.f.DefaultMavenResourcesFiltering - skip non existing resourceDirectory C:\JavaTraining\HealthSure\HealthSureClient\src\main\resources
2025-06-11 15:14:44,747 [Worker-32: Building] INFO  o.a.m.s.f.DefaultMavenResourcesFiltering - skip non existing resourceDirectory C:\JavaTraining\HealthSure\HealthSureClient\src\test\resources
2025-06-11 15:14:44,748 [Worker-32: Building] INFO  o.e.m.w.i.f.ResourceFilteringBuildParticipant - Changed resources require a complete clean of filtered resources of HealthSureClient
2025-06-11 15:14:44,748 [Worker-32: Building] INFO  o.e.m.w.i.f.ResourceFilteringBuildParticipant - Executing resource filtering for HealthSureClient
2025-06-11 15:15:00,981 [Worker-38: Building] INFO  o.a.m.s.f.DefaultMavenResourcesFiltering - skip non existing resourceDirectory C:\JavaTraining\HealthSure\HealthSureClient\src\main\resources
2025-06-11 15:15:00,983 [Worker-38: Building] INFO  o.a.m.s.f.DefaultMavenResourcesFiltering - skip non existing resourceDirectory C:\JavaTraining\HealthSure\HealthSureClient\src\test\resources
2025-06-11 15:15:33,238 [Worker-40: Building] INFO  o.a.m.s.f.DefaultMavenResourcesFiltering - skip non existing resourceDirectory C:\JavaTraining\HealthSure\HealthSureClient\src\main\resources
2025-06-11 15:15:33,240 [Worker-40: Building] INFO  o.a.m.s.f.DefaultMavenResourcesFiltering - skip non existing resourceDirectory C:\JavaTraining\HealthSure\HealthSureClient\src\test\resources
2025-06-11 15:15:38,318 [Worker-37: Building] INFO  o.a.m.s.f.DefaultMavenResourcesFiltering - skip non existing resourceDirectory C:\JavaTraining\HealthSure\HealthSureClient\src\main\resources
2025-06-11 15:15:38,320 [Worker-37: Building] INFO  o.a.m.s.f.DefaultMavenResourcesFiltering - skip non existing resourceDirectory C:\JavaTraining\HealthSure\HealthSureClient\src\test\resources
2025-06-11 15:18:53,799 [Worker-41: Building] INFO  o.a.m.s.f.DefaultMavenResourcesFiltering - skip non existing resourceDirectory C:\JavaTraining\HealthSure\HealthSureClient\src\main\resources
2025-06-11 15:18:53,801 [Worker-41: Building] INFO  o.a.m.s.f.DefaultMavenResourcesFiltering - skip non existing resourceDirectory C:\JavaTraining\HealthSure\HealthSureClient\src\test\resources
2025-06-11 15:18:59,407 [Worker-42: Building] INFO  o.a.m.s.f.DefaultMavenResourcesFiltering - skip non existing resourceDirectory C:\JavaTraining\HealthSure\HealthSureClient\src\main\resources
2025-06-11 15:18:59,409 [Worker-42: Building] INFO  o.a.m.s.f.DefaultMavenResourcesFiltering - skip non existing resourceDirectory C:\JavaTraining\HealthSure\HealthSureClient\src\test\resources
2025-06-11 15:19:03,323 [Worker-45: Building] INFO  o.a.m.s.f.DefaultMavenResourcesFiltering - skip non existing resourceDirectory C:\JavaTraining\HealthSure\HealthSureClient\src\main\resources
2025-06-11 15:19:03,325 [Worker-45: Building] INFO  o.a.m.s.f.DefaultMavenResourcesFiltering - skip non existing resourceDirectory C:\JavaTraining\HealthSure\HealthSureClient\src\test\resources
2025-06-11 15:19:13,961 [Worker-37: Building] INFO  o.a.m.s.f.DefaultMavenResourcesFiltering - skip non existing resourceDirectory C:\JavaTraining\HealthSure\HealthSureClient\src\main\resources
2025-06-11 15:19:13,963 [Worker-37: Building] INFO  o.a.m.s.f.DefaultMavenResourcesFiltering - skip non existing resourceDirectory C:\JavaTraining\HealthSure\HealthSureClient\src\test\resources
2025-06-11 15:19:30,253 [Worker-46: Building] INFO  o.a.m.s.f.DefaultMavenResourcesFiltering - skip non existing resourceDirectory C:\JavaTraining\HealthSure\HealthSureClient\src\main\resources
2025-06-11 15:19:30,255 [Worker-46: Building] INFO  o.a.m.s.f.DefaultMavenResourcesFiltering - skip non existing resourceDirectory C:\JavaTraining\HealthSure\HealthSureClient\src\test\resources
2025-06-11 15:20:01,562 [Worker-44: Building] INFO  o.a.m.s.f.DefaultMavenResourcesFiltering - skip non existing resourceDirectory C:\JavaTraining\HealthSure\HealthSureClient\src\main\resources
2025-06-11 15:20:01,567 [Worker-44: Building] INFO  o.a.m.s.f.DefaultMavenResourcesFiltering - skip non existing resourceDirectory C:\JavaTraining\HealthSure\HealthSureClient\src\test\resources
2025-06-11 15:20:24,167 [main] INFO  org.hibernate.cfg.Environment - Hibernate 3.5.6-Final
2025-06-11 15:20:24,354 [main] INFO  org.hibernate.cfg.Environment - hibernate.properties not found
2025-06-11 15:20:24,360 [main] INFO  org.hibernate.cfg.Environment - Bytecode provider name : javassist
2025-06-11 15:20:24,370 [main] INFO  org.hibernate.cfg.Environment - using JDK 1.4 java.sql.Timestamp handling
2025-06-11 15:21:35,442 [main] INFO  org.hibernate.cfg.Configuration - configuring from XML document
2025-06-11 15:21:35,444 [main] INFO  org.hibernate.cfg.Configuration - Configured SessionFactory: null
2025-06-11 15:21:35,497 [Worker-41: Building] INFO  o.a.m.s.f.DefaultMavenResourcesFiltering - skip non existing resourceDirectory C:\JavaTraining\HealthSure\HealthSureClient\src\main\resources
2025-06-11 15:21:35,500 [Worker-41: Building] INFO  o.a.m.s.f.DefaultMavenResourcesFiltering - skip non existing resourceDirectory C:\JavaTraining\HealthSure\HealthSureClient\src\test\resources
2025-06-11 15:21:36,750 [Worker-47: Building] INFO  o.a.m.s.f.DefaultMavenResourcesFiltering - skip non existing resourceDirectory C:\JavaTraining\HealthSure\HealthSureClient\src\main\resources
2025-06-11 15:21:36,753 [Worker-47: Building] INFO  o.a.m.s.f.DefaultMavenResourcesFiltering - skip non existing resourceDirectory C:\JavaTraining\HealthSure\HealthSureClient\src\test\resources
2025-06-11 15:21:49,928 [Worker-43: Building] INFO  o.a.m.s.f.DefaultMavenResourcesFiltering - skip non existing resourceDirectory C:\JavaTraining\HealthSure\HealthSureClient\src\main\resources
2025-06-11 15:21:49,931 [Worker-43: Building] INFO  o.a.m.s.f.DefaultMavenResourcesFiltering - skip non existing resourceDirectory C:\JavaTraining\HealthSure\HealthSureClient\src\test\resources
2025-06-11 15:21:52,025 [Worker-46: Building] INFO  o.a.m.s.f.DefaultMavenResourcesFiltering - skip non existing resourceDirectory C:\JavaTraining\HealthSure\HealthSureClient\src\main\resources
2025-06-11 15:21:52,027 [Worker-46: Building] INFO  o.a.m.s.f.DefaultMavenResourcesFiltering - skip non existing resourceDirectory C:\JavaTraining\HealthSure\HealthSureClient\src\test\resources
2025-06-11 15:21:54,837 [Worker-46: Building] INFO  o.a.m.s.f.DefaultMavenResourcesFiltering - skip non existing resourceDirectory C:\JavaTraining\HealthSure\HealthSureClient\src\main\resources
2025-06-11 15:21:54,840 [Worker-46: Building] INFO  o.a.m.s.f.DefaultMavenResourcesFiltering - skip non existing resourceDirectory C:\JavaTraining\HealthSure\HealthSureClient\src\test\resources
2025-06-11 15:24:43,439 [Worker-47: Building] INFO  o.a.m.s.f.DefaultMavenResourcesFiltering - skip non existing resourceDirectory C:\JavaTraining\HealthSure\HealthSureClient\src\main\resources
2025-06-11 15:24:43,441 [Worker-47: Building] INFO  o.a.m.s.f.DefaultMavenResourcesFiltering - skip non existing resourceDirectory C:\JavaTraining\HealthSure\HealthSureClient\src\test\resources
2025-06-11 15:24:51,614 [Worker-48: Building] INFO  o.a.m.s.f.DefaultMavenResourcesFiltering - skip non existing resourceDirectory C:\JavaTraining\HealthSure\HealthSureClient\src\main\resources
2025-06-11 15:24:51,618 [Worker-48: Building] INFO  o.a.m.s.f.DefaultMavenResourcesFiltering - skip non existing resourceDirectory C:\JavaTraining\HealthSure\HealthSureClient\src\test\resources
2025-06-11 15:25:07,978 [Worker-43: Building] INFO  o.a.m.s.f.DefaultMavenResourcesFiltering - skip non existing resourceDirectory C:\JavaTraining\HealthSure\HealthSureClient\src\main\resources
2025-06-11 15:25:07,981 [Worker-43: Building] INFO  o.a.m.s.f.DefaultMavenResourcesFiltering - skip non existing resourceDirectory C:\JavaTraining\HealthSure\HealthSureClient\src\test\resources
2025-06-11 15:25:29,411 [Worker-49: Building] INFO  o.a.m.s.f.DefaultMavenResourcesFiltering - skip non existing resourceDirectory C:\JavaTraining\HealthSure\HealthSureClient\src\main\resources
2025-06-11 15:25:29,413 [Worker-49: Building] INFO  o.a.m.s.f.DefaultMavenResourcesFiltering - skip non existing resourceDirectory C:\JavaTraining\HealthSure\HealthSureClient\src\test\resources
2025-06-11 15:25:31,595 [Worker-47: Building] INFO  o.a.m.s.f.DefaultMavenResourcesFiltering - skip non existing resourceDirectory C:\JavaTraining\HealthSure\HealthSureClient\src\main\resources
2025-06-11 15:25:31,597 [Worker-47: Building] INFO  o.a.m.s.f.DefaultMavenResourcesFiltering - skip non existing resourceDirectory C:\JavaTraining\HealthSure\HealthSureClient\src\test\resources
2025-06-11 15:25:36,727 [Worker-41: Building] INFO  o.a.m.s.f.DefaultMavenResourcesFiltering - skip non existing resourceDirectory C:\JavaTraining\HealthSure\HealthSureClient\src\main\resources
2025-06-11 15:25:36,730 [Worker-41: Building] INFO  o.a.m.s.f.DefaultMavenResourcesFiltering - skip non existing resourceDirectory C:\JavaTraining\HealthSure\HealthSureClient\src\test\resources
